<?xml version="1.0" encoding="UTF-8"?>
<!-- Generated by org.testng.reporters.JUnitReportReporter -->
<testsuite hostname="DESKTOP-D9IO8BK" failures="0" tests="1" name="com.Nykaa.PurchaseProductTest" time="74.234" errors="0" timestamp="2023-12-01T13:08:32 IST" skipped="0">
  <testcase classname="com.Nykaa.PurchaseProductTest" name="purchaseProductTest" time="74.234"/>
</testsuite> <!-- com.Nykaa.PurchaseProductTest -->
