<?xml version="1.0" encoding="UTF-8"?>
<!-- Generated by org.testng.reporters.JUnitReportReporter -->
<testsuite hostname="DESKTOP-D9IO8BK" failures="0" tests="1" name="com.Nykaa.PurchaseProduct" time="79.195" errors="0" timestamp="2023-12-01T11:07:40 IST" skipped="0">
  <testcase classname="com.Nykaa.PurchaseProduct" name="purchaseProduct" time="79.195"/>
</testsuite> <!-- com.Nykaa.PurchaseProduct -->
